<?xml version="1.0" encoding="UTF-8"?>
<testsuite xmlns:xsi="http://www.w3.org/2001/XMLSchema-instance" xsi:noNamespaceSchemaLocation="https://maven.apache.org/surefire/maven-surefire-plugin/xsd/surefire-test-report.xsd" name="unam.ciencias.computoconcurrente.PrimeNumberCalculatorTest" time="0.048" tests="11" errors="0" skipped="0" failures="0">
  <properties>
    <property name="sun.desktop" value="gnome"/>
    <property name="awt.toolkit" value="sun.awt.X11.XToolkit"/>
    <property name="java.specification.version" value="11"/>
    <property name="sun.cpu.isalist" value=""/>
    <property name="sun.jnu.encoding" value="UTF-8"/>
    <property name="java.class.path" value="/home/ax/Documentos/Concurrente-FerAx/Practica01/target/test-classes:/home/ax/Documentos/Concurrente-FerAx/Practica01/target/classes:/home/ax/.m2/repository/org/junit/jupiter/junit-jupiter/5.5.1/junit-jupiter-5.5.1.jar:/home/ax/.m2/repository/org/junit/jupiter/junit-jupiter-api/5.5.1/junit-jupiter-api-5.5.1.jar:/home/ax/.m2/repository/org/apiguardian/apiguardian-api/1.1.0/apiguardian-api-1.1.0.jar:/home/ax/.m2/repository/org/opentest4j/opentest4j/1.2.0/opentest4j-1.2.0.jar:/home/ax/.m2/repository/org/junit/platform/junit-platform-commons/1.5.1/junit-platform-commons-1.5.1.jar:/home/ax/.m2/repository/org/junit/jupiter/junit-jupiter-params/5.5.1/junit-jupiter-params-5.5.1.jar:/home/ax/.m2/repository/org/junit/jupiter/junit-jupiter-engine/5.5.1/junit-jupiter-engine-5.5.1.jar:/home/ax/.m2/repository/org/junit/platform/junit-platform-engine/1.5.1/junit-platform-engine-1.5.1.jar:"/>
    <property name="java.vm.vendor" value="Ubuntu"/>
    <property name="sun.arch.data.model" value="64"/>
    <property name="java.vendor.url" value="https://ubuntu.com/"/>
    <property name="user.timezone" value=""/>
    <property name="java.vm.specification.version" value="11"/>
    <property name="os.name" value="Linux"/>
    <property name="sun.java.launcher" value="SUN_STANDARD"/>
    <property name="user.country" value="MX"/>
    <property name="sun.boot.library.path" value="/usr/lib/jvm/java-11-openjdk-amd64/lib"/>
    <property name="sun.java.command" value="/home/ax/Documentos/Concurrente-FerAx/Practica01/target/surefire/surefirebooter3580635051362516634.jar /home/ax/Documentos/Concurrente-FerAx/Practica01/target/surefire 2023-03-02T16-50-22_537-jvmRun1 surefire17838209515722013032tmp surefire_07538850669072002404tmp"/>
    <property name="jdk.debug" value="release"/>
    <property name="surefire.test.class.path" value="/home/ax/Documentos/Concurrente-FerAx/Practica01/target/test-classes:/home/ax/Documentos/Concurrente-FerAx/Practica01/target/classes:/home/ax/.m2/repository/org/junit/jupiter/junit-jupiter/5.5.1/junit-jupiter-5.5.1.jar:/home/ax/.m2/repository/org/junit/jupiter/junit-jupiter-api/5.5.1/junit-jupiter-api-5.5.1.jar:/home/ax/.m2/repository/org/apiguardian/apiguardian-api/1.1.0/apiguardian-api-1.1.0.jar:/home/ax/.m2/repository/org/opentest4j/opentest4j/1.2.0/opentest4j-1.2.0.jar:/home/ax/.m2/repository/org/junit/platform/junit-platform-commons/1.5.1/junit-platform-commons-1.5.1.jar:/home/ax/.m2/repository/org/junit/jupiter/junit-jupiter-params/5.5.1/junit-jupiter-params-5.5.1.jar:/home/ax/.m2/repository/org/junit/jupiter/junit-jupiter-engine/5.5.1/junit-jupiter-engine-5.5.1.jar:/home/ax/.m2/repository/org/junit/platform/junit-platform-engine/1.5.1/junit-platform-engine-1.5.1.jar:"/>
    <property name="sun.cpu.endian" value="little"/>
    <property name="user.home" value="/home/ax"/>
    <property name="user.language" value="es"/>
    <property name="java.specification.vendor" value="Oracle Corporation"/>
    <property name="java.version.date" value="2023-01-17"/>
    <property name="java.home" value="/usr/lib/jvm/java-11-openjdk-amd64"/>
    <property name="file.separator" value="/"/>
    <property name="basedir" value="/home/ax/Documentos/Concurrente-FerAx/Practica01"/>
    <property name="java.vm.compressedOopsMode" value="32-bit"/>
    <property name="line.separator" value="&#10;"/>
    <property name="java.specification.name" value="Java Platform API Specification"/>
    <property name="java.vm.specification.vendor" value="Oracle Corporation"/>
    <property name="java.awt.graphicsenv" value="sun.awt.X11GraphicsEnvironment"/>
    <property name="surefire.real.class.path" value="/home/ax/Documentos/Concurrente-FerAx/Practica01/target/surefire/surefirebooter3580635051362516634.jar"/>
    <property name="sun.management.compiler" value="HotSpot 64-Bit Tiered Compilers"/>
    <property name="java.runtime.version" value="11.0.18+10-post-Ubuntu-0ubuntu122.04"/>
    <property name="user.name" value="ax"/>
    <property name="path.separator" value=":"/>
    <property name="os.version" value="5.15.0-56-generic"/>
    <property name="java.runtime.name" value="OpenJDK Runtime Environment"/>
    <property name="file.encoding" value="UTF-8"/>
    <property name="java.vm.name" value="OpenJDK 64-Bit Server VM"/>
    <property name="localRepository" value="/home/ax/.m2/repository"/>
    <property name="java.vendor.url.bug" value="https://bugs.launchpad.net/ubuntu/+source/openjdk-lts"/>
    <property name="java.io.tmpdir" value="/tmp"/>
    <property name="java.version" value="11.0.18"/>
    <property name="user.dir" value="/home/ax/Documentos/Concurrente-FerAx/Practica01"/>
    <property name="os.arch" value="amd64"/>
    <property name="java.vm.specification.name" value="Java Virtual Machine Specification"/>
    <property name="java.awt.printerjob" value="sun.print.PSPrinterJob"/>
    <property name="sun.os.patch.level" value="unknown"/>
    <property name="java.library.path" value="/usr/java/packages/lib:/usr/lib/x86_64-linux-gnu/jni:/lib/x86_64-linux-gnu:/usr/lib/x86_64-linux-gnu:/usr/lib/jni:/lib:/usr/lib"/>
    <property name="java.vm.info" value="mixed mode, sharing"/>
    <property name="java.vendor" value="Ubuntu"/>
    <property name="java.vm.version" value="11.0.18+10-post-Ubuntu-0ubuntu122.04"/>
    <property name="sun.io.unicode.encoding" value="UnicodeLittle"/>
    <property name="java.class.version" value="55.0"/>
  </properties>
  <testcase name="isPrimeSequentialBigNumber" classname="unam.ciencias.computoconcurrente.PrimeNumberCalculatorTest" time="0.021"/>
  <testcase name="isNotPrimeSequentialBigNumber" classname="unam.ciencias.computoconcurrente.PrimeNumberCalculatorTest" time="0.001"/>
  <testcase name="isPrimeConcurrentBigNumber" classname="unam.ciencias.computoconcurrente.PrimeNumberCalculatorTest" time="0.001"/>
  <testcase name="isPrimeConcurrent" classname="unam.ciencias.computoconcurrente.PrimeNumberCalculatorTest" time="0.001"/>
  <testcase name="isNotPrimeConcurrent" classname="unam.ciencias.computoconcurrente.PrimeNumberCalculatorTest" time="0.001"/>
  <testcase name="oneIsNotPrime" classname="unam.ciencias.computoconcurrente.PrimeNumberCalculatorTest" time="0"/>
  <testcase name="isNotPrimeConcurrentBigNumber" classname="unam.ciencias.computoconcurrente.PrimeNumberCalculatorTest" time="0.001"/>
  <testcase name="isPrimeSequential" classname="unam.ciencias.computoconcurrente.PrimeNumberCalculatorTest" time="0"/>
  <testcase name="zeroIsNotPrime" classname="unam.ciencias.computoconcurrente.PrimeNumberCalculatorTest" time="0.001"/>
  <testcase name="isNotPrimeSequential" classname="unam.ciencias.computoconcurrente.PrimeNumberCalculatorTest" time="0.001"/>
  <testcase name="negativeIsPrime" classname="unam.ciencias.computoconcurrente.PrimeNumberCalculatorTest" time="0"/>
</testsuite>